<?xml version="1.0" encoding="UTF-8"?>
<!-- Generated by org.testng.reporters.JUnitXMLReporter -->
<testsuite ignored="0" hostname="ET-C02WQ0PUG8WN.local" failures="0" tests="12" name=" Test Maven Testing" time="12.818" errors="0" timestamp="2020-03-10T21:11:18 IST">
  <testcase classname="com.qa.tests.DemoTest" name="sum" time="5.496"/>
  <testcase classname="com.qa.tests.DemoTest" name="sub" time="0.001"/>
  <testcase classname="com.qa.tests.DemoTest" name="div" time="0.0"/>
  <testcase classname="com.qa.tests.DemoTest" name="multi" time="0.002"/>
  <testcase classname="com.qa.tests.DemoTest1" name="sum" time="2.399"/>
  <testcase classname="com.qa.tests.DemoTest1" name="sub" time="0.001"/>
  <testcase classname="com.qa.tests.DemoTest1" name="div" time="0.001"/>
  <testcase classname="com.qa.tests.DemoTest1" name="multi" time="0.001"/>
  <testcase classname="com.qa.tests.DemoTest2" name="sum" time="4.512"/>
  <testcase classname="com.qa.tests.DemoTest2" name="sub" time="0.001"/>
  <testcase classname="com.qa.tests.DemoTest2" name="div" time="0.001"/>
  <testcase classname="com.qa.tests.DemoTest2" name="multi" time="0.001"/>
</testsuite> <!--  Test Maven Testing -->
