<?xml version="1.0" encoding="UTF-8"?>
<!-- Generated by org.testng.reporters.JUnitXMLReporter -->
<testsuite ignored="0" hostname="ET-C02WQ0PUG8WN.local" failures="0" tests="4" name="Test_Maven_Testing" time="6.786" errors="0" timestamp="2020-03-10T22:00:59 IST">
  <testcase classname="com.qa.tests.DemoTest" name="sum" time="6.397"/>
  <testcase classname="com.qa.tests.DemoTest" name="sub" time="0.002"/>
  <testcase classname="com.qa.tests.DemoTest" name="div" time="0.003"/>
  <testcase classname="com.qa.tests.DemoTest" name="multi" time="0.003"/>
</testsuite> <!-- Test_Maven_Testing -->
