<?xml version="1.0" encoding="UTF-8"?>
<!-- Generated by org.testng.reporters.JUnitXMLReporter -->
<testsuite hostname="ET-C02WQ0PUG8WN.local" failures="0" tests="12" name="Regression1" time="11.998" errors="0" timestamp="11 Mar 2020 08:26:38 GMT">
  <testcase classname="com.qa.tests.DemoTest" name="sum" time="7.168"/>
  <testcase classname="com.qa.tests.DemoTest1" name="sum" time="2.277"/>
  <testcase classname="com.qa.tests.DemoTest2" name="sum" time="2.311"/>
  <testcase classname="com.qa.tests.DemoTest" name="sub" time="0.0"/>
  <testcase classname="com.qa.tests.DemoTest1" name="sub" time="0.0"/>
  <testcase classname="com.qa.tests.DemoTest2" name="sub" time="0.0"/>
  <testcase classname="com.qa.tests.DemoTest" name="div" time="0.0"/>
  <testcase classname="com.qa.tests.DemoTest1" name="div" time="0.0"/>
  <testcase classname="com.qa.tests.DemoTest2" name="div" time="0.0"/>
  <testcase classname="com.qa.tests.DemoTest" name="multi" time="0.0"/>
  <testcase classname="com.qa.tests.DemoTest1" name="multi" time="0.0"/>
  <testcase classname="com.qa.tests.DemoTest2" name="multi" time="0.001"/>
</testsuite> <!-- Regression1 -->
