<?xml version="1.0" encoding="UTF-8"?>
<testsuite xmlns:xsi="http://www.w3.org/2001/XMLSchema-instance" xsi:noNamespaceSchemaLocation="https://maven.apache.org/surefire/maven-surefire-plugin/xsd/surefire-test-report-3.0.xsd" version="3.0" name="TestSuite" time="13.249" tests="12" errors="0" skipped="0" failures="0">
  <properties>
[...]
</properties>
  <testcase name="sum" classname="com.qa.tests.DemoTest" time="7.169"/>
  <testcase name="sub" classname="com.qa.tests.DemoTest" time="0"/>
  <testcase name="div" classname="com.qa.tests.DemoTest" time="0"/>
  <testcase name="multi" classname="com.qa.tests.DemoTest" time="0"/>
  <testcase name="sum" classname="com.qa.tests.DemoTest1" time="2.275"/>
  <testcase name="sub" classname="com.qa.tests.DemoTest1" time="0"/>
  <testcase name="div" classname="com.qa.tests.DemoTest1" time="0.001"/>
  <testcase name="multi" classname="com.qa.tests.DemoTest1" time="0"/>
  <testcase name="sum" classname="com.qa.tests.DemoTest2" time="2.311"/>
  <testcase name="sub" classname="com.qa.tests.DemoTest2" time="0"/>
  <testcase name="div" classname="com.qa.tests.DemoTest2" time="0"/>
  <testcase name="multi" classname="com.qa.tests.DemoTest2" time="0"/>
</testsuite>