<?xml version="1.0" encoding="UTF-8"?>
<testng-results ignored="0" total="4" passed="4" failed="0" skipped="0">
  <reporter-output>
  </reporter-output>
  <suite started-at="2020-03-10T22:28:03 IST" name="Default suite" finished-at="2020-03-10T22:28:08 IST" duration-ms="5649">
    <groups>
    </groups>
    <test started-at="2020-03-10T22:28:03 IST" name="Default test" finished-at="2020-03-10T22:28:08 IST" duration-ms="5649">
      <class name="com.qa.tests.DemoTest">
        <test-method is-config="true" signature="beforeTest()[pri:0, instance:com.qa.tests.DemoTest@72cde7cc]" started-at="2020-03-10T22:28:03 IST" name="beforeTest" finished-at="2020-03-10T22:28:03 IST" duration-ms="331" status="PASS">
          <reporter-output>
          </reporter-output>
        </test-method> <!-- beforeTest -->
        <test-method signature="sum()[pri:1, instance:com.qa.tests.DemoTest@72cde7cc]" started-at="2020-03-10T22:28:03 IST" name="sum" finished-at="2020-03-10T22:28:08 IST" duration-ms="5285" status="PASS">
          <reporter-output>
          </reporter-output>
        </test-method> <!-- sum -->
        <test-method signature="sub()[pri:2, instance:com.qa.tests.DemoTest@72cde7cc]" started-at="2020-03-10T22:28:08 IST" name="sub" finished-at="2020-03-10T22:28:08 IST" duration-ms="1" status="PASS">
          <reporter-output>
          </reporter-output>
        </test-method> <!-- sub -->
        <test-method signature="div()[pri:3, instance:com.qa.tests.DemoTest@72cde7cc]" started-at="2020-03-10T22:28:08 IST" name="div" finished-at="2020-03-10T22:28:08 IST" duration-ms="1" status="PASS">
          <reporter-output>
          </reporter-output>
        </test-method> <!-- div -->
        <test-method signature="multi()[pri:4, instance:com.qa.tests.DemoTest@72cde7cc]" started-at="2020-03-10T22:28:08 IST" name="multi" finished-at="2020-03-10T22:28:08 IST" duration-ms="2" status="PASS">
          <reporter-output>
          </reporter-output>
        </test-method> <!-- multi -->
      </class> <!-- com.qa.tests.DemoTest -->
    </test> <!-- Default test -->
  </suite> <!-- Default suite -->
</testng-results>
